<xml><appid><![CDATA[wxd9da51e6bae6c3c0]]></appid>
<attach><![CDATA[附加参数]]></attach>
<bank_type><![CDATA[CFT]]></bank_type>
<cash_fee><![CDATA[10]]></cash_fee>
<fee_type><![CDATA[CNY]]></fee_type>
<is_subscribe><![CDATA[Y]]></is_subscribe>
<mch_id><![CDATA[1441217402]]></mch_id>
<nonce_str><![CDATA[iccd33ky6pyxoe367in7lx6pr87f3d4l]]></nonce_str>
<openid><![CDATA[omQYXwDVsykgBFcCiyYkL4AYJRzw]]></openid>
<out_trade_no><![CDATA[144121740220180829134207]]></out_trade_no>
<result_code><![CDATA[SUCCESS]]></result_code>
<return_code><![CDATA[SUCCESS]]></return_code>
<sign><![CDATA[8B9CAE8A773D9AFCE128C5A8E83E2CA11A0905074B99BC2DCAE5030820BF86E2]]></sign>
<time_end><![CDATA[20180829134209]]></time_end>
<total_fee>10</total_fee>
<trade_type><![CDATA[JSAPI]]></trade_type>
<transaction_id><![CDATA[4200000195201808295231905561]]></transaction_id>
</xml><xml><appid><![CDATA[wxd9da51e6bae6c3c0]]></appid>
<attach><![CDATA[附加参数]]></attach>
<bank_type><![CDATA[CFT]]></bank_type>
<cash_fee><![CDATA[1]]></cash_fee>
<fee_type><![CDATA[CNY]]></fee_type>
<is_subscribe><![CDATA[Y]]></is_subscribe>
<mch_id><![CDATA[1441217402]]></mch_id>
<nonce_str><![CDATA[6rpdri75ykpyo90b1flt4xcawhcc72ct]]></nonce_str>
<openid><![CDATA[omQYXwNAT5uC15TQqMGxajJzqo4s]]></openid>
<out_trade_no><![CDATA[144121740220180829134452]]></out_trade_no>
<result_code><![CDATA[SUCCESS]]></result_code>
<return_code><![CDATA[SUCCESS]]></return_code>
<sign><![CDATA[31F7980AEB7602835F45A48443FF6390267CCAC79F99CA76F391D5A0B9F6A4FA]]></sign>
<time_end><![CDATA[20180829134448]]></time_end>
<total_fee>1</total_fee>
<trade_type><![CDATA[JSAPI]]></trade_type>
<transaction_id><![CDATA[4200000199201808297056596412]]></transaction_id>
</xml><xml><appid><![CDATA[wxd9da51e6bae6c3c0]]></appid>
<attach><![CDATA[附加参数]]></attach>
<bank_type><![CDATA[CFT]]></bank_type>
<cash_fee><![CDATA[1]]></cash_fee>
<fee_type><![CDATA[CNY]]></fee_type>
<is_subscribe><![CDATA[Y]]></is_subscribe>
<mch_id><![CDATA[1441217402]]></mch_id>
<nonce_str><![CDATA[ttc3bnmdx9j68hb7guo6fqw5vsmoesgc]]></nonce_str>
<openid><![CDATA[omQYXwNAT5uC15TQqMGxajJzqo4s]]></openid>
<out_trade_no><![CDATA[144121740220180829143318]]></out_trade_no>
<result_code><![CDATA[SUCCESS]]></result_code>
<return_code><![CDATA[SUCCESS]]></return_code>
<sign><![CDATA[3E26E1F94F8C81FB63503F998494A914B53E05B66A0F560B09DE79711D73EE71]]></sign>
<time_end><![CDATA[20180829143314]]></time_end>
<total_fee>1</total_fee>
<trade_type><![CDATA[JSAPI]]></trade_type>
<transaction_id><![CDATA[4200000200201808294892952276]]></transaction_id>
</xml>